<?xml version="1.0" encoding="UTF-8"?>
<!-- Generated by org.testng.reporters.JUnitXMLReporter -->
<testsuite ignored="2" hostname="DESKTOP-HJUS9FO" failures="0" tests="2" name="Test" time="15.61" errors="0" timestamp="2024-12-17T08:15:24 IST">
  <testcase classname="testScripts.LoginTest" name="verifyTheUserIsAbleToLoginUsingValidCredentials" time="3.288"/>
  <testcase classname="testScripts.LoginTest" name="verifyTheUserIsNotAbleTologinWithIncorrectpswd" time="1.544"/>
  <testcase classname="testScripts.LoginTest" name="verifyTheUserIsNotAbleTologinWithIncorrectusername" time="0.0">
    <ignored/>
  </testcase> <!-- verifyTheUserIsNotAbleTologinWithIncorrectusername -->
  <testcase classname="testScripts.LoginTest" name="verifyTheUserIsNotAbleTologinWithBothIncorrectUsernameAndPassword" time="0.0">
    <ignored/>
  </testcase> <!-- verifyTheUserIsNotAbleTologinWithBothIncorrectUsernameAndPassword -->
</testsuite> <!-- Test -->
