<?xml version="1.0" encoding="UTF-8"?>
<!-- Generated by org.testng.reporters.JUnitXMLReporter -->
<testsuite ignored="3" hostname="DESKTOP-HJUS9FO" failures="0" tests="1" name="Test" time="6.043" errors="0" timestamp="2024-12-19T21:02:17 IST">
  <testcase classname="testScripts.LoginTest" name="verifyTheUserIsAbleToLoginUsingValidCredentials" time="2.308"/>
  <testcase classname="testScripts.LoginTest" name="verifyTheUserIsNotAbleTologinWithIncorrectusername" time="0.0">
    <ignored/>
  </testcase> <!-- verifyTheUserIsNotAbleTologinWithIncorrectusername -->
  <testcase classname="testScripts.LoginTest" name="verifyTheUserIsNotAbleTologinWithBothIncorrectUsernameAndPassword" time="0.0">
    <ignored/>
  </testcase> <!-- verifyTheUserIsNotAbleTologinWithBothIncorrectUsernameAndPassword -->
  <testcase classname="testScripts.LoginTest" name="verifyTheUserIsNotAbleTologinWithIncorrectpswd" time="0.0">
    <ignored/>
  </testcase> <!-- verifyTheUserIsNotAbleTologinWithIncorrectpswd -->
</testsuite> <!-- Test -->
