<?xml version="1.0" encoding="UTF-8"?>
<!-- Generated by org.testng.reporters.JUnitXMLReporter -->
<testsuite ignored="3" hostname="DESKTOP-HJUS9FO" failures="0" tests="1" name="chrome Test" time="11.378" errors="0" timestamp="2024-12-15T17:54:09 IST">
  <testcase classname="testScripts.LoginTest" name="verifyTheUserIsAbleToLoginUsingValidCredentials" time="3.656"/>
  <testcase classname="testScripts.LoginTest" name="verifyTheUserIsNotAbleTologinWithBothIncorrectUsernameAndPassword" time="0.0">
    <ignored/>
  </testcase> <!-- verifyTheUserIsNotAbleTologinWithBothIncorrectUsernameAndPassword -->
  <testcase classname="testScripts.LoginTest" name="verifyTheUserIsNotAbleTologinWithIncorrectpswd" time="0.0">
    <ignored/>
  </testcase> <!-- verifyTheUserIsNotAbleTologinWithIncorrectpswd -->
  <testcase classname="testScripts.LoginTest" name="verifyTheUserIsNotAbleTologinWithIncorrectusername" time="0.0">
    <ignored/>
  </testcase> <!-- verifyTheUserIsNotAbleTologinWithIncorrectusername -->
</testsuite> <!-- chrome Test -->
