<?xml version="1.0" encoding="UTF-8"?>
<testng-results ignored="0" total="1" passed="1" failed="0" skipped="0">
  <reporter-output>
  </reporter-output>
  <suite started-at="2024-12-19T21:02:10 IST" name="Suite" finished-at="2024-12-19T21:02:16 IST" duration-ms="6043">
    <groups>
      <group name="regression">
        <method signature="LoginTest.verifyTheUserIsAbleToLoginUsingValidCredentials()[pri:0, instance:testScripts.LoginTest@793f29ff]" name="verifyTheUserIsAbleToLoginUsingValidCredentials" class="testScripts.LoginTest"/>
      </group> <!-- regression -->
    </groups>
    <test started-at="2024-12-19T21:02:10 IST" name="Test" finished-at="2024-12-19T21:02:16 IST" duration-ms="6043">
      <class name="testScripts.LoginTest">
        <test-method is-config="true" signature="initializeBrowser(java.lang.String)[pri:0, instance:testScripts.LoginTest@793f29ff]" started-at="2024-12-19T21:02:10 IST" name="initializeBrowser" finished-at="2024-12-19T21:02:14 IST" duration-ms="3381" status="PASS">
          <params>
            <param index="0">
              <value>
                <![CDATA[Chrome]]>
              </value>
            </param>
          </params>
          <reporter-output>
          </reporter-output>
        </test-method> <!-- initializeBrowser -->
        <test-method signature="verifyTheUserIsAbleToLoginUsingValidCredentials()[pri:0, instance:testScripts.LoginTest@793f29ff]" started-at="2024-12-19T21:02:14 IST" name="verifyTheUserIsAbleToLoginUsingValidCredentials" description="Login with correct username and password" finished-at="2024-12-19T21:02:16 IST" duration-ms="2308" status="PASS">
          <reporter-output>
          </reporter-output>
        </test-method> <!-- verifyTheUserIsAbleToLoginUsingValidCredentials -->
        <test-method is-config="true" signature="browserQuit(org.testng.ITestResult)[pri:0, instance:testScripts.LoginTest@793f29ff]" started-at="2024-12-19T21:02:16 IST" name="browserQuit" finished-at="2024-12-19T21:02:16 IST" duration-ms="252" status="PASS">
          <params>
            <param index="0">
              <value>
                <![CDATA[[TestResult name=verifyTheUserIsAbleToLoginUsingValidCredentials status=SUCCESS method=LoginTest.verifyTheUserIsAbleToLoginUsingValidCredentials()[pri:0, instance:testScripts.LoginTest@793f29ff] output={null}]]]>
              </value>
            </param>
          </params>
          <reporter-output>
          </reporter-output>
        </test-method> <!-- browserQuit -->
      </class> <!-- testScripts.LoginTest -->
    </test> <!-- Test -->
  </suite> <!-- Suite -->
</testng-results>
